
  Ω₀ PracticeLife Dashboard
  ========================
  http://localhost:3000
  API: http://localhost:3000/api/state


  Ω₀ PracticeLife Dashboard
  ========================
  http://localhost:3000
  API: http://localhost:3000/api/state


  Ω₀ PracticeLife Dashboard
  ========================
  http://localhost:3000
  API: http://localhost:3000/api/state


  Ω₀ PracticeLife Dashboard
  ========================
  http://localhost:3000
  API: http://localhost:3000/api/state


  Ω₀ PracticeLife Dashboard
  ========================
  http://localhost:3000
  API: http://localhost:3000/api/state


  Ω₀ PracticeLife Dashboard
  ========================
  http://localhost:3000
  API: http://localhost:3000/api/state


  Ω₀ PracticeLife Dashboard
  ========================
  http://localhost:3000
  API: http://localhost:3000/api/state


  Ω₀ PracticeLife Dashboard
  ========================
  http://localhost:3000
  API: http://localhost:3000/api/state
  History: http://localhost:3000/api/history


  Ω₀ PracticeLife Dashboard
  ========================
  http://localhost:3000
  API: http://localhost:3000/api/state
  History: http://localhost:3000/api/history


  Ω₀ PracticeLife Dashboard
  ========================
  http://localhost:3000
  API: http://localhost:3000/api/state
  History: http://localhost:3000/api/history


  Ω₀ PracticeLife Dashboard
  ========================
  http://localhost:3000
  API: http://localhost:3000/api/state
  History: http://localhost:3000/api/history


  Ω₀ PracticeLife Dashboard
  ========================
  http://localhost:3000
  API: http://localhost:3000/api/state
  History: http://localhost:3000/api/history


  Ω₀ PracticeLife Dashboard
  ========================
  http://localhost:3000
  API: http://localhost:3000/api/state
  History: http://localhost:3000/api/history


  Ω₀ PracticeLife Dashboard
  ========================
  http://localhost:3000
  API: http://localhost:3000/api/state
  History: http://localhost:3000/api/history


  Ω₀ PracticeLife Dashboard
  ========================
  http://localhost:3000
  API: http://localhost:3000/api/state
  History: http://localhost:3000/api/history


  Ω₀ PracticeLife Dashboard
  ========================
  http://localhost:3000
  API: http://localhost:3000/api/state
  History: http://localhost:3000/api/history


  Ω₀ PracticeLife Dashboard
  ========================
  http://localhost:3000
  API: http://localhost:3000/api/state
  History: http://localhost:3000/api/history


  Ω₀ PracticeLife Dashboard
  ========================
  http://localhost:3000
  API: http://localhost:3000/api/state
  History: http://localhost:3000/api/history

